<?xml version="1.0" encoding="UTF-8"?>
<testng-results ignored="0" total="1" passed="1" failed="0" skipped="0">
  <reporter-output>
  </reporter-output>
  <suite started-at="2024-02-12T12:32:25 IST" name="Default suite" finished-at="2024-02-12T12:32:36 IST" duration-ms="10485">
    <groups>
    </groups>
    <test started-at="2024-02-12T12:32:25 IST" name="Default test" finished-at="2024-02-12T12:32:36 IST" duration-ms="10485">
      <class name="seleniumtraining.SampleWebsite_Firefox_4">
        <test-method signature="openRegistration()[pri:0, instance:seleniumtraining.SampleWebsite_Firefox_4@245b4bdc]" started-at="2024-02-12T12:32:26 IST" name="openRegistration" finished-at="2024-02-12T12:32:36 IST" duration-ms="10394" status="PASS">
          <reporter-output>
          </reporter-output>
        </test-method> <!-- openRegistration -->
      </class> <!-- seleniumtraining.SampleWebsite_Firefox_4 -->
    </test> <!-- Default test -->
  </suite> <!-- Default suite -->
</testng-results>
