<?xml version="1.0" encoding="UTF-8"?>
<testng-results ignored="0" total="1" passed="1" failed="0" skipped="0">
  <reporter-output>
  </reporter-output>
  <suite started-at="2024-02-01T09:11:55 IST" name="Default suite" finished-at="2024-02-01T09:11:55 IST" duration-ms="103">
    <groups>
    </groups>
    <test started-at="2024-02-01T09:11:55 IST" name="Default test" finished-at="2024-02-01T09:11:55 IST" duration-ms="103">
      <class name="testing.CalculatorTest">
        <test-method signature="testAdd()[pri:0, instance:testing.CalculatorTest@4df50bcc]" started-at="2024-02-01T09:11:55 IST" name="testAdd" finished-at="2024-02-01T09:11:55 IST" duration-ms="21" status="PASS">
          <reporter-output>
          </reporter-output>
        </test-method> <!-- testAdd -->
      </class> <!-- testing.CalculatorTest -->
    </test> <!-- Default test -->
  </suite> <!-- Default suite -->
</testng-results>
