<?xml version="1.0" encoding="UTF-8"?>
<!-- Generated by org.testng.reporters.JUnitXMLReporter -->
<testsuite ignored="0" hostname="raghuprasadkaushalya" failures="0" tests="6" name="Testing" time="0.078" errors="0" timestamp="2024-02-02T10:23:26 IST">
  <testcase classname="testing.AccountTest" name="testOpenAccount" time="0.007"/>
  <testcase classname="testing.AccountTest" name="testDeposit" time="0.001"/>
  <testcase classname="testing.AccountTest" name="testWithdraw" time="0.001"/>
  <testcase classname="testing.AccountTest" name="testCheckBalane" time="0.003"/>
  <testcase classname="testing.TestNGMethods" name="f" time="0.002"/>
  <testcase classname="testing.TestNGMethods" name="f" time="0.002"/>
</testsuite> <!-- Testing -->
