<?xml version="1.0" encoding="UTF-8"?>
<!-- Generated by org.testng.reporters.JUnitXMLReporter -->
<testsuite ignored="7" hostname="raghuprasadkaushalya" failures="0" tests="2" name="Testing" time="0.08" errors="0" timestamp="2024-02-02T10:51:06 IST">
  <testcase classname="testing.TestNGGroup" name="fourth" time="0.014"/>
  <testcase classname="testing.TestNGGroup" name="third" time="0.002"/>
  <testcase classname="testing.AccountTest" name="testOpenAccount" time="0.0">
    <ignored/>
  </testcase> <!-- testOpenAccount -->
  <testcase classname="testing.TestNGMethods" name="f" time="0.0">
    <ignored/>
  </testcase> <!-- f -->
  <testcase classname="testing.TestNGGroup" name="second" time="0.0">
    <ignored/>
  </testcase> <!-- second -->
  <testcase classname="testing.TestNGGroup" name="first" time="0.0">
    <ignored/>
  </testcase> <!-- first -->
  <testcase classname="testing.AccountTest" name="testWithdraw" time="0.0">
    <ignored/>
  </testcase> <!-- testWithdraw -->
  <testcase classname="testing.AccountTest" name="testCheckBalane" time="0.0">
    <ignored/>
  </testcase> <!-- testCheckBalane -->
  <testcase classname="testing.AccountTest" name="testDeposit" time="0.0">
    <ignored/>
  </testcase> <!-- testDeposit -->
</testsuite> <!-- Testing -->
