<?xml version="1.0" encoding="UTF-8"?>
<testng-results ignored="0" total="1" passed="1" failed="0" skipped="0">
  <reporter-output>
  </reporter-output>
  <suite started-at="2024-02-12T11:32:55 IST" name="Default suite" finished-at="2024-02-12T11:33:01 IST" duration-ms="5901">
    <groups>
    </groups>
    <test started-at="2024-02-12T11:32:55 IST" name="Default test" finished-at="2024-02-12T11:33:01 IST" duration-ms="5901">
      <class name="assignment.NewTest">
        <test-method signature="openSampleWebsite()[pri:0, instance:assignment.NewTest@245b4bdc]" started-at="2024-02-12T11:32:55 IST" name="openSampleWebsite" finished-at="2024-02-12T11:33:01 IST" duration-ms="5824" status="PASS">
          <reporter-output>
          </reporter-output>
        </test-method> <!-- openSampleWebsite -->
      </class> <!-- assignment.NewTest -->
    </test> <!-- Default test -->
  </suite> <!-- Default suite -->
</testng-results>
