<?xml version="1.0" encoding="UTF-8"?>
<!-- Generated by org.testng.reporters.JUnitXMLReporter -->
<testsuite ignored="0" hostname="raghuprasadkaushalya" failures="0" tests="3" name="Default test" time="6.824" errors="0" timestamp="2024-02-07T15:20:54 IST">
  <testcase classname="seleniumtraining.SampleWebsite_testng_3" name="verifyTitle" time="2.672"/>
  <testcase classname="seleniumtraining.SampleWebsite_testng_3" name="openRegistration" time="1.403"/>
  <testcase classname="seleniumtraining.SampleWebsite_testng_3" name="register" time="2.692"/>
</testsuite> <!-- Default test -->
