<?xml version="1.0" encoding="UTF-8"?>
<!-- Generated by org.testng.reporters.JUnitXMLReporter -->
<testsuite ignored="0" hostname="raghuprasadkaushalya" failures="0" tests="5" name="Default test" time="13.485" errors="0" timestamp="2024-02-07T16:29:00 IST">
  <testcase classname="seleniumtraining.SampleWebsite_testng_3" name="verifyTitle" time="2.429"/>
  <testcase classname="seleniumtraining.SampleWebsite_testng_3" name="openRegistration" time="1.47"/>
  <testcase classname="seleniumtraining.SampleWebsite_testng_3" name="register" time="3.351"/>
  <testcase classname="seleniumtraining.SampleWebsite_testng_3" name="loginInvalid" time="1.78"/>
  <testcase classname="seleniumtraining.SampleWebsite_testng_3" name="loginValid" time="4.384"/>
</testsuite> <!-- Default test -->
